#
# A fatal error has been detected by the Java Runtime Environment:
#
#  Internal Error (0xc000000d), pid=14300, tid=13176
#
# JRE version: Java(TM) SE Runtime Environment (8.0_25-b18) (build 1.8.0_25-b18)
# Java VM: Java HotSpot(TM) 64-Bit Server VM (25.25-b02 mixed mode windows-amd64 compressed oops)
# Problematic frame:
# C  [ntdll.dll+0x111cb4]
#
# Failed to write core dump. Minidumps are not enabled by default on client versions of Windows
#
# If you would like to submit a bug report, please visit:
#   http://bugreport.sun.com/bugreport/crash.jsp
#

---------------  T H R E A D  ---------------

Current thread (0x0000000013c06000):  VMThread [stack: 0x0000000014cb0000,0x0000000014db0000] [id=13176]

siginfo: ExceptionCode=0xc000000d

Registers:
RAX=0x0000000000000001, RBX=0xfffffffffffffffe, RCX=0x0000000014daee00, RDX=0x0000000000000000
RSP=0x0000000014daf440, RBP=0x00007ffa19fc7408, RSI=0x0000000000000000, RDI=0x0000000000000f3c
R8 =0x0000000014daed69, R9 =0x0000000014daeef0, R10=0x0000000000160b1c, R11=0x00007ffa518c8a40
R12=0x00000000239c7f70, R13=0x0000000022e69000, R14=0x00000000239c8078, R15=0x0000000014daf5b8
RIP=0x00007ffa51961cb4, EFLAGS=0x0000000000000202

Top of Stack: (sp=0x0000000014daf440)
0x0000000014daf440:   0000000000000057 fffffffffffffffe
0x0000000014daf450:   0000000000000000 0000000000000000
0x0000000014daf460:   00000000c000000d 0000000000000000
0x0000000014daf470:   00007ffa51961cb4 0000000000000000
0x0000000014daf480:   0000000000000000 0000000000000000
0x0000000014daf490:   0000000000000000 0000000000000000
0x0000000014daf4a0:   0000000000000000 0000000000000000
0x0000000014daf4b0:   0000000000000000 0000000000000000
0x0000000014daf4c0:   0000000000000000 0000000000000000
0x0000000014daf4d0:   0000000000000000 0000000000000000
0x0000000014daf4e0:   0000000000000000 0000000000000000
0x0000000014daf4f0:   0000000000000000 0000000014daf5f0
0x0000000014daf500:   000035cf228a3732 0000000000000000
0x0000000014daf510:   0000000000000001 00007ffa51906d80
0x0000000014daf520:   0000000000050000 00007ffa51895ce0
0x0000000014daf530:   0000000100000009 0000000000000009 

Instructions: (pc=0x00007ffa51961cb4)
0x00007ffa51961c94:   11 f9 ff c7 44 24 20 0d 00 00 c0 b9 57 00 00 00
0x00007ffa51961ca4:   e8 97 8b f3 ff 90 48 8d 4c 24 20 e8 8c 93 f3 ff
0x00007ffa51961cb4:   eb 00 48 8b 8c 24 c0 00 00 00 48 33 cc e8 0a 97
0x00007ffa51961cc4:   f7 ff 48 81 c4 d8 00 00 00 c3 cc 40 55 48 83 ec 


Register to memory mapping:

RAX=0x0000000000000001 is an unknown value
RBX=0xfffffffffffffffe is an unknown value
RCX=0x0000000014daee00 is an unknown value
RDX=0x0000000000000000 is an unknown value
RSP=0x0000000014daf440 is an unknown value
RBP=0x00007ffa19fc7408 is an unknown value
RSI=0x0000000000000000 is an unknown value
RDI=0x0000000000000f3c is an unknown value
R8 =0x0000000014daed69 is an unknown value
R9 =0x0000000014daeef0 is an unknown value
R10=0x0000000000160b1c is an unknown value
R11=0x00007ffa518c8a40 is an unknown value
R12=0x00000000239c7f70 is an unknown value
R13=0x0000000022e69000 is an unknown value
R14=0x00000000239c8078 is an unknown value
R15=0x0000000014daf5b8 is an unknown value


Stack: [0x0000000014cb0000,0x0000000014db0000],  sp=0x0000000014daf440,  free space=1021k
Native frames: (J=compiled Java code, j=interpreted, Vv=VM code, C=native code)
C  [ntdll.dll+0x111cb4]
C  [ntdll.dll+0xb6d80]
C  [KERNEL32.DLL+0x207bb]
C  [MSVCR110.dll+0x752d]
C  [MSVCR110.dll+0x14cde]
C  [MSVCR110.dll+0x13edc]
C  [MSVCR110.dll+0x239e]
C  [MSVCR110.dll+0xaf9e]
C  [MSVCP110.dll+0x397b9]
C  [librdi_common.dll+0x135d02]
C  [librdi_common.dll+0x13447b]
C  0x00007ffa1eac2400
C  0x00007ffa1eac2682
C  [ntdll.dll+0x37b3d]
C  [ntdll.dll+0x63de1]
C  [ntdll.dll+0x63c7d]
C  [KERNEL32.DLL+0x1e0ab]
C  [MSVCR100.dll+0x20ccd]
V  [jvm.dll+0x1f9c55]
V  [jvm.dll+0x2325e7]
V  [jvm.dll+0x231826]
V  [jvm.dll+0x231cc1]
V  [jvm.dll+0x231ede]
V  [jvm.dll+0x2852fa]
C  [MSVCR100.dll+0x21d9f]
C  [MSVCR100.dll+0x21e3b]
C  [KERNEL32.DLL+0x17034]
C  [ntdll.dll+0x4cec1]

VM_Operation (0x000000000014f4d0): Exit, mode: safepoint, requested by thread 0x0000000002712800


---------------  P R O C E S S  ---------------

Java Threads: ( => current thread )
  0x00000000154ee800 JavaThread "pool-1-thread-5" [_thread_blocked, id=10044, stack(0x000000001c3c0000,0x000000001c4c0000)]
  0x0000000019940000 JavaThread "pool-1-thread-4" [_thread_blocked, id=8016, stack(0x0000000026320000,0x0000000026420000)]
  0x0000000013c4f000 JavaThread "pool-1-thread-3" [_thread_blocked, id=1480, stack(0x0000000026220000,0x0000000026320000)]
  0x0000000019933800 JavaThread "pool-1-thread-2" [_thread_blocked, id=8204, stack(0x000000001e800000,0x000000001e900000)]
  0x00000000154e7000 JavaThread "pool-1-thread-1" [_thread_blocked, id=8880, stack(0x0000000025f20000,0x0000000026020000)]
  0x00000000154eb000 JavaThread "Thread-18" daemon [_thread_blocked, id=13392, stack(0x0000000025e20000,0x0000000025f20000)]
  0x00000000154e8000 JavaThread "TCF Channel Transmitter" [_thread_blocked, id=4424, stack(0x000000001c0c0000,0x000000001c1c0000)]
  0x00000000154e9800 JavaThread "TCF Channel Receiver" [_thread_blocked, id=5072, stack(0x000000001bfc0000,0x000000001c0c0000)]
  0x0000000019935800 JavaThread "Process monitor" daemon [_thread_blocked, id=1016, stack(0x000000001fbe0000,0x000000001fce0000)]
  0x000000001993c800 JavaThread "Input Stream Monitor" daemon [_thread_blocked, id=6600, stack(0x000000001fae0000,0x000000001fbe0000)]
  0x000000001993b800 JavaThread "Output Stream Monitor" daemon [_thread_blocked, id=12312, stack(0x000000001f9e0000,0x000000001fae0000)]
  0x0000000019935000 JavaThread "Output Stream Monitor" daemon [_thread_blocked, id=3468, stack(0x000000001f8e0000,0x000000001f9e0000)]
  0x0000000019938800 JavaThread "TCF Locator DNS Lookup" daemon [_thread_blocked, id=1688, stack(0x000000001f7e0000,0x000000001f8e0000)]
  0x0000000019938000 JavaThread "TCF Locator Timer" daemon [_thread_blocked, id=12592, stack(0x000000001f6e0000,0x000000001f7e0000)]
  0x000000001993b000 JavaThread "TCF Locator Receiver" daemon [_thread_blocked, id=13260, stack(0x000000001f5e0000,0x000000001f6e0000)]
  0x0000000019936800 JavaThread "TCF Timer Dispatcher" daemon [_thread_blocked, id=1112, stack(0x000000001f1e0000,0x000000001f2e0000)]
  0x0000000019536800 JavaThread "EMF Reference Cleaner" daemon [_thread_blocked, id=7752, stack(0x00000000184c0000,0x00000000185c0000)]
  0x00000000154cf000 JavaThread "Service Thread" daemon [_thread_blocked, id=4884, stack(0x00000000158b0000,0x00000000159b0000)]
  0x0000000013c49000 JavaThread "C1 CompilerThread2" daemon [_thread_blocked, id=7864, stack(0x00000000153b0000,0x00000000154b0000)]
  0x0000000013c46000 JavaThread "C2 CompilerThread1" daemon [_thread_blocked, id=10416, stack(0x00000000152b0000,0x00000000153b0000)]
  0x0000000013c3e800 JavaThread "C2 CompilerThread0" daemon [_thread_blocked, id=5292, stack(0x00000000151b0000,0x00000000152b0000)]
  0x0000000013c3d000 JavaThread "Attach Listener" daemon [_thread_blocked, id=11684, stack(0x00000000150b0000,0x00000000151b0000)]
  0x0000000013c3c000 JavaThread "Signal Dispatcher" daemon [_thread_blocked, id=13256, stack(0x0000000014fb0000,0x00000000150b0000)]
  0x0000000002803000 JavaThread "Finalizer" daemon [_thread_blocked, id=14004, stack(0x0000000014eb0000,0x0000000014fb0000)]
  0x00000000027fc000 JavaThread "Reference Handler" daemon [_thread_blocked, id=13160, stack(0x0000000014db0000,0x0000000014eb0000)]
  0x0000000002712800 JavaThread "main" [_thread_blocked, id=5160, stack(0x0000000000050000,0x0000000000150000)]

Other Threads:
=>0x0000000013c06000 VMThread [stack: 0x0000000014cb0000,0x0000000014db0000] [id=13176]

VM state:at safepoint (shutting down)

VM Mutex/Monitor currently owned by a thread:  ([mutex/lock_event])
[0x00000000028ce130] Threads_lock - owner thread: 0x0000000013c06000

Heap:
 PSYoungGen      total 73216K, used 25062K [0x00000000f5580000, 0x00000000f9e00000, 0x0000000100000000)
  eden space 72192K, 34% used [0x00000000f5580000,0x00000000f6df99c0,0x00000000f9c00000)
  from space 1024K, 0% used [0x00000000f9c00000,0x00000000f9c00000,0x00000000f9d00000)
  to   space 1024K, 0% used [0x00000000f9d00000,0x00000000f9d00000,0x00000000f9e00000)
 ParOldGen       total 85504K, used 32201K [0x00000000e0000000, 0x00000000e5380000, 0x00000000f5580000)
  object space 85504K, 37% used [0x00000000e0000000,0x00000000e1f727d8,0x00000000e5380000)
 Metaspace       used 77543K, capacity 83406K, committed 83544K, reserved 1122304K
  class space    used 9361K, capacity 11255K, committed 11352K, reserved 1048576K

Card table byte_map: [0x0000000011c90000,0x0000000011da0000] byte_map_base: 0x0000000011590000

Marking Bits: (ParMarkBitMap*) 0x000000006ab8d490
 Begin Bits: [0x00000000121a0000, 0x00000000129a0000)
 End Bits:   [0x00000000129a0000, 0x00000000131a0000)

Polling page: 0x0000000002120000

CodeCache: size=245760Kb used=34882Kb max_used=34882Kb free=210877Kb
 bounds [0x00000000028d0000, 0x0000000004b30000, 0x00000000118d0000]
 total_blobs=10582 nmethods=9742 adapters=749
 compilation: enabled

Compilation events (10 events):
Event: 43671.210 Thread 0x0000000013c49000 12306       3       sun.nio.ch.NativeThread::current (2 bytes)
Event: 43671.210 Thread 0x0000000013c49000 nmethod 12306 0x0000000004005e50 code [0x0000000004005fa0, 0x00000000040060d0]
Event: 43671.210 Thread 0x0000000013c49000 12307   !   3       sun.nio.ch.NativeThreadSet::remove (50 bytes)
Event: 43671.210 Thread 0x0000000013c49000 nmethod 12307 0x000000000328c810 code [0x000000000328c980, 0x000000000328cdc8]
Event: 43671.249 Thread 0x0000000013c49000 12308       3       java.io.File::list (33 bytes)
Event: 43671.250 Thread 0x0000000013c49000 nmethod 12308 0x0000000004b16210 code [0x0000000004b163e0, 0x0000000004b16b08]
Event: 43671.328 Thread 0x0000000013c49000 12309   !   3       org.eclipse.osgi.internal.baseadaptor.BaseStorage::compact (215 bytes)
Event: 43671.329 Thread 0x0000000013c49000 nmethod 12309 0x0000000004b1f950 code [0x0000000004b1fd80, 0x0000000004b221e8]
Event: 43671.375 Thread 0x0000000013c49000 12310       3       org.eclipse.osgi.framework.internal.core.AbstractBundle::close (52 bytes)
Event: 43671.376 Thread 0x0000000013c49000 nmethod 12310 0x0000000004b235d0 code [0x0000000004b23800, 0x0000000004b244e8]

GC Heap History (10 events):
Event: 43525.130 GC heap before
{Heap before GC invocations=1139 (full 560):
 PSYoungGen      total 72704K, used 480K [0x00000000f5580000, 0x00000000f9e00000, 0x0000000100000000)
  eden space 72192K, 0% used [0x00000000f5580000,0x00000000f5580000,0x00000000f9c00000)
  from space 512K, 93% used [0x00000000f9c80000,0x00000000f9cf8000,0x00000000f9d00000)
  to   space 1024K, 0% used [0x00000000f9d00000,0x00000000f9d00000,0x00000000f9e00000)
 ParOldGen       total 85504K, used 31986K [0x00000000e0000000, 0x00000000e5380000, 0x00000000f5580000)
  object space 85504K, 37% used [0x00000000e0000000,0x00000000e1f3c8a0,0x00000000e5380000)
 Metaspace       used 76620K, capacity 82524K, committed 82904K, reserved 1120256K
  class space    used 9253K, capacity 11092K, committed 11224K, reserved 1048576K
Event: 43525.220 GC heap after
Heap after GC invocations=1139 (full 560):
 PSYoungGen      total 72704K, used 0K [0x00000000f5580000, 0x00000000f9e00000, 0x0000000100000000)
  eden space 72192K, 0% used [0x00000000f5580000,0x00000000f5580000,0x00000000f9c00000)
  from space 512K, 0% used [0x00000000f9c80000,0x00000000f9c80000,0x00000000f9d00000)
  to   space 1024K, 0% used [0x00000000f9d00000,0x00000000f9d00000,0x00000000f9e00000)
 ParOldGen       total 85504K, used 32110K [0x00000000e0000000, 0x00000000e5380000, 0x00000000f5580000)
  object space 85504K, 37% used [0x00000000e0000000,0x00000000e1f5bb40,0x00000000e5380000)
 Metaspace       used 76620K, capacity 82524K, committed 82904K, reserved 1120256K
  class space    used 9253K, capacity 11092K, committed 11224K, reserved 1048576K
}
Event: 43585.133 GC heap before
{Heap before GC invocations=1140 (full 560):
 PSYoungGen      total 72704K, used 3005K [0x00000000f5580000, 0x00000000f9e00000, 0x0000000100000000)
  eden space 72192K, 4% used [0x00000000f5580000,0x00000000f586f760,0x00000000f9c00000)
  from space 512K, 0% used [0x00000000f9c80000,0x00000000f9c80000,0x00000000f9d00000)
  to   space 1024K, 0% used [0x00000000f9d00000,0x00000000f9d00000,0x00000000f9e00000)
 ParOldGen       total 85504K, used 32110K [0x00000000e0000000, 0x00000000e5380000, 0x00000000f5580000)
  object space 85504K, 37% used [0x00000000e0000000,0x00000000e1f5bb40,0x00000000e5380000)
 Metaspace       used 76620K, capacity 82524K, committed 82904K, reserved 1120256K
  class space    used 9253K, capacity 11092K, committed 11224K, reserved 1048576K
Event: 43585.136 GC heap after
Heap after GC invocations=1140 (full 560):
 PSYoungGen      total 73216K, used 128K [0x00000000f5580000, 0x00000000f9e00000, 0x0000000100000000)
  eden space 72192K, 0% used [0x00000000f5580000,0x00000000f5580000,0x00000000f9c00000)
  from space 1024K, 12% used [0x00000000f9d00000,0x00000000f9d20000,0x00000000f9e00000)
  to   space 1024K, 0% used [0x00000000f9c00000,0x00000000f9c00000,0x00000000f9d00000)
 ParOldGen       total 85504K, used 32110K [0x00000000e0000000, 0x00000000e5380000, 0x00000000f5580000)
  object space 85504K, 37% used [0x00000000e0000000,0x00000000e1f5bb40,0x00000000e5380000)
 Metaspace       used 76620K, capacity 82524K, committed 82904K, reserved 1120256K
  class space    used 9253K, capacity 11092K, committed 11224K, reserved 1048576K
}
Event: 43585.136 GC heap before
{Heap before GC invocations=1141 (full 561):
 PSYoungGen      total 73216K, used 128K [0x00000000f5580000, 0x00000000f9e00000, 0x0000000100000000)
  eden space 72192K, 0% used [0x00000000f5580000,0x00000000f5580000,0x00000000f9c00000)
  from space 1024K, 12% used [0x00000000f9d00000,0x00000000f9d20000,0x00000000f9e00000)
  to   space 1024K, 0% used [0x00000000f9c00000,0x00000000f9c00000,0x00000000f9d00000)
 ParOldGen       total 85504K, used 32110K [0x00000000e0000000, 0x00000000e5380000, 0x00000000f5580000)
  object space 85504K, 37% used [0x00000000e0000000,0x00000000e1f5bb40,0x00000000e5380000)
 Metaspace       used 76620K, capacity 82524K, committed 82904K, reserved 1120256K
  class space    used 9253K, capacity 11092K, committed 11224K, reserved 1048576K
Event: 43585.232 GC heap after
Heap after GC invocations=1141 (full 561):
 PSYoungGen      total 73216K, used 0K [0x00000000f5580000, 0x00000000f9e00000, 0x0000000100000000)
  eden space 72192K, 0% used [0x00000000f5580000,0x00000000f5580000,0x00000000f9c00000)
  from space 1024K, 0% used [0x00000000f9d00000,0x00000000f9d00000,0x00000000f9e00000)
  to   space 1024K, 0% used [0x00000000f9c00000,0x00000000f9c00000,0x00000000f9d00000)
 ParOldGen       total 85504K, used 31985K [0x00000000e0000000, 0x00000000e5380000, 0x00000000f5580000)
  object space 85504K, 37% used [0x00000000e0000000,0x00000000e1f3c660,0x00000000e5380000)
 Metaspace       used 76620K, capacity 82524K, committed 82904K, reserved 1120256K
  class space    used 9253K, capacity 11092K, committed 11224K, reserved 1048576K
}
Event: 43663.087 GC heap before
{Heap before GC invocations=1142 (full 561):
 PSYoungGen      total 73216K, used 3620K [0x00000000f5580000, 0x00000000f9e00000, 0x0000000100000000)
  eden space 72192K, 5% used [0x00000000f5580000,0x00000000f5909190,0x00000000f9c00000)
  from space 1024K, 0% used [0x00000000f9d00000,0x00000000f9d00000,0x00000000f9e00000)
  to   space 1024K, 0% used [0x00000000f9c00000,0x00000000f9c00000,0x00000000f9d00000)
 ParOldGen       total 85504K, used 31985K [0x00000000e0000000, 0x00000000e5380000, 0x00000000f5580000)
  object space 85504K, 37% used [0x00000000e0000000,0x00000000e1f3c660,0x00000000e5380000)
 Metaspace       used 76627K, capacity 82530K, committed 82904K, reserved 1120256K
  class space    used 9253K, capacity 11093K, committed 11224K, reserved 1048576K
Event: 43663.090 GC heap after
Heap after GC invocations=1142 (full 561):
 PSYoungGen      total 73216K, used 416K [0x00000000f5580000, 0x00000000f9e00000, 0x0000000100000000)
  eden space 72192K, 0% used [0x00000000f5580000,0x00000000f5580000,0x00000000f9c00000)
  from space 1024K, 40% used [0x00000000f9c00000,0x00000000f9c68000,0x00000000f9d00000)
  to   space 1024K, 0% used [0x00000000f9d00000,0x00000000f9d00000,0x00000000f9e00000)
 ParOldGen       total 85504K, used 31985K [0x00000000e0000000, 0x00000000e5380000, 0x00000000f5580000)
  object space 85504K, 37% used [0x00000000e0000000,0x00000000e1f3c660,0x00000000e5380000)
 Metaspace       used 76627K, capacity 82530K, committed 82904K, reserved 1120256K
  class space    used 9253K, capacity 11093K, committed 11224K, reserved 1048576K
}
Event: 43663.091 GC heap before
{Heap before GC invocations=1143 (full 562):
 PSYoungGen      total 73216K, used 416K [0x00000000f5580000, 0x00000000f9e00000, 0x0000000100000000)
  eden space 72192K, 0% used [0x00000000f5580000,0x00000000f5580000,0x00000000f9c00000)
  from space 1024K, 40% used [0x00000000f9c00000,0x00000000f9c68000,0x00000000f9d00000)
  to   space 1024K, 0% used [0x00000000f9d00000,0x00000000f9d00000,0x00000000f9e00000)
 ParOldGen       total 85504K, used 31985K [0x00000000e0000000, 0x00000000e5380000, 0x00000000f5580000)
  object space 85504K, 37% used [0x00000000e0000000,0x00000000e1f3c660,0x00000000e5380000)
 Metaspace       used 76627K, capacity 82530K, committed 82904K, reserved 1120256K
  class space    used 9253K, capacity 11093K, committed 11224K, reserved 1048576K
Event: 43663.210 GC heap after
Heap after GC invocations=1143 (full 562):
 PSYoungGen      total 73216K, used 0K [0x00000000f5580000, 0x00000000f9e00000, 0x0000000100000000)
  eden space 72192K, 0% used [0x00000000f5580000,0x00000000f5580000,0x00000000f9c00000)
  from space 1024K, 0% used [0x00000000f9c00000,0x00000000f9c00000,0x00000000f9d00000)
  to   space 1024K, 0% used [0x00000000f9d00000,0x00000000f9d00000,0x00000000f9e00000)
 ParOldGen       total 85504K, used 32201K [0x00000000e0000000, 0x00000000e5380000, 0x00000000f5580000)
  object space 85504K, 37% used [0x00000000e0000000,0x00000000e1f727d8,0x00000000e5380000)
 Metaspace       used 76627K, capacity 82530K, committed 82904K, reserved 1120256K
  class space    used 9253K, capacity 11093K, committed 11224K, reserved 1048576K
}

Deoptimization events (10 events):
Event: 43670.512 Thread 0x0000000002712800 Uncommon trap: reason=unreached action=reinterpret pc=0x000000000442b5d4 method=org.eclipse.core.internal.localstore.FileStoreRoot.getManager(Lorg/eclipse/core/runtime/IPath;)Lorg/eclipse/core/resources/IPathVariableManager; @ 18
Event: 43670.539 Thread 0x00000000154ed000 Uncommon trap: reason=class_check action=maybe_recompile pc=0x0000000003f8d024 method=java.io.BufferedInputStream.close()V @ 36
Event: 43671.088 Thread 0x0000000002712800 Uncommon trap: reason=unreached action=reinterpret pc=0x0000000003e3d810 method=org.eclipse.swt.widgets.Display.getDefault()Lorg/eclipse/swt/widgets/Display; @ 39
Event: 43671.110 Thread 0x0000000002712800 Uncommon trap: reason=null_check action=make_not_entrant pc=0x000000000319229c method=org.eclipse.core.runtime.internal.adaptor.EclipseLazyStarter.shouldActivateFor(Ljava/lang/String;Lorg/eclipse/osgi/baseadaptor/BaseData;Lorg/eclipse/core/runtime/internal~®»‰RÂ@
Event: 43671.149 Thread 0x0000000002712800 Uncommon trap: reason=bimorphic action=maybe_recompile pc=0x00000000048d86f8 method=org.eclipse.core.internal.resources.Resource.checkLocal(II)V @ 3
Event: 43671.197 Thread 0x00000000154f1000 Uncommon trap: reason=unreached action=reinterpret pc=0x00000000043d9a3c method=org.eclipse.core.internal.jobs.JobManager.nextJob()Lorg/eclipse/core/runtime/jobs/Job; @ 80
Event: 43671.197 Thread 0x00000000154f1000 Uncommon trap: reason=unreached action=reinterpret pc=0x0000000003ebd9d8 method=org.eclipse.core.internal.jobs.WorkerPool.startJob(Lorg/eclipse/core/internal/jobs/Worker;)Lorg/eclipse/core/internal/jobs/InternalJob; @ 185
Event: 43671.197 Thread 0x00000000154f4000 Uncommon trap: reason=unreached action=reinterpret pc=0x0000000003ebd9d8 method=org.eclipse.core.internal.jobs.WorkerPool.startJob(Lorg/eclipse/core/internal/jobs/Worker;)Lorg/eclipse/core/internal/jobs/InternalJob; @ 185
Event: 43671.197 Thread 0x00000000154ef800 Uncommon trap: reason=unreached action=reinterpret pc=0x0000000003ebd9d8 method=org.eclipse.core.internal.jobs.WorkerPool.startJob(Lorg/eclipse/core/internal/jobs/Worker;)Lorg/eclipse/core/internal/jobs/InternalJob; @ 185
Event: 43671.199 Thread 0x0000000002712800 Uncommon trap: reason=unreached action=reinterpret pc=0x0000000002c5e89c method=java.lang.ref.ReferenceQueue.poll()Ljava/lang/ref/Reference; @ 4

Internal exceptions (10 events):
Event: 3393.296 Thread 0x000000001993a000 Exception <a 'java/io/FileNotFoundException'> (0x00000000fa05a5d0) thrown at [D:\re\workspace\8-2-build-windows-amd64-cygwin\jdk8u25\1677\hotspot\src\share\vm\prims\jni.cpp, line 716]
Event: 3393.430 Thread 0x000000001993a000 Exception <a 'java/io/FileNotFoundException'> (0x00000000fa073768) thrown at [D:\re\workspace\8-2-build-windows-amd64-cygwin\jdk8u25\1677\hotspot\src\share\vm\prims\jni.cpp, line 716]
Event: 43669.747 Thread 0x0000000002712800 Implicit null exception at 0x0000000002b3fdcc to 0x0000000002b3fe29
Event: 43670.484 Thread 0x00000000154e6800 Exception <a 'java/lang/InterruptedException'> (0x00000000f697a1c0) thrown at [D:\re\workspace\8-2-build-windows-amd64-cygwin\jdk8u25\1677\hotspot\src\share\vm\runtime\objectMonitor.cpp, line 1682]
Event: 43670.506 Thread 0x0000000002712800 Implicit null exception at 0x00000000044498f0 to 0x000000000444a3e9
Event: 43671.110 Thread 0x0000000002712800 Implicit null exception at 0x0000000003190ebf to 0x0000000003192291
Event: 43671.208 Thread 0x0000000016572000 Exception <a 'java/lang/InterruptedException': sleep interrupted> (0x00000000f6c77330) thrown at [D:\re\workspace\8-2-build-windows-amd64-cygwin\jdk8u25\1677\hotspot\src\share\vm\prims\jvm.cpp, line 3141]
Event: 43671.210 Thread 0x0000000013c4c800 Exception <a 'java/lang/InterruptedException'> (0x00000000f6c7e048) thrown at [D:\re\workspace\8-2-build-windows-amd64-cygwin\jdk8u25\1677\hotspot\src\share\vm\runtime\objectMonitor.cpp, line 1682]
Event: 43671.211 Thread 0x0000000016b03000 Exception <a 'java/lang/InterruptedException'> (0x00000000f6c957c8) thrown at [D:\re\workspace\8-2-build-windows-amd64-cygwin\jdk8u25\1677\hotspot\src\share\vm\runtime\objectMonitor.cpp, line 1682]
Event: 43671.375 Thread 0x0000000016c52000 Exception <a 'java/lang/InterruptedException'> (0x00000000f6b9eba8) thrown at [D:\re\workspace\8-2-build-windows-amd64-cygwin\jdk8u25\1677\hotspot\src\share\vm\runtime\objectMonitor.cpp, line 1682]

Events (10 events):
Event: 43671.376 loading class java/util/IdentityHashMap$KeyIterator done
Event: 43671.377 Thread 0x00000000154ea000 Thread added: 0x00000000154ea000
Event: 43671.377 Executing VM operation: RevokeBias
Event: 43671.377 Executing VM operation: RevokeBias done
Event: 43671.377 Executing VM operation: RevokeBias
Event: 43671.377 Executing VM operation: RevokeBias done
Event: 43671.377 Executing VM operation: RevokeBias
Event: 43671.377 Executing VM operation: RevokeBias done
Event: 43671.377 Thread 0x00000000154ea000 Thread exited: 0x00000000154ea000
Event: 43671.378 Executing VM operation: Exit


Dynamic libraries:
0x0000000000400000 - 0x000000000044f000 	C:\Xilinx\SDK\2015.2\eclipse\win64.o\eclipse.exe
0x00007ffa51850000 - 0x00007ffa51a46000 	C:\WINDOWS\SYSTEM32\ntdll.dll
0x00007ffa504c0000 - 0x00007ffa5057d000 	C:\WINDOWS\System32\KERNEL32.DLL
0x00007ffa4f350000 - 0x00007ffa4f618000 	C:\WINDOWS\System32\KERNELBASE.dll
0x00007ffa50d80000 - 0x00007ffa50f20000 	C:\WINDOWS\System32\USER32.dll
0x00007ffa4f040000 - 0x00007ffa4f062000 	C:\WINDOWS\System32\win32u.dll
0x00007ffa4f8b0000 - 0x00007ffa4f8da000 	C:\WINDOWS\System32\GDI32.dll
0x00007ffa4f7a0000 - 0x00007ffa4f8a9000 	C:\WINDOWS\System32\gdi32full.dll
0x00007ffa4f100000 - 0x00007ffa4f19d000 	C:\WINDOWS\System32\msvcp_win.dll
0x00007ffa4f620000 - 0x00007ffa4f720000 	C:\WINDOWS\System32\ucrtbase.dll
0x00007ffa51740000 - 0x00007ffa517de000 	C:\WINDOWS\System32\msvcrt.dll
0x00007ffa3ecc0000 - 0x00007ffa3ef5b000 	C:\WINDOWS\WinSxS\amd64_microsoft.windows.common-controls_6595b64144ccf1df_6.0.19041.488_none_ca04af081b815d21\COMCTL32.dll
0x00007ffa50580000 - 0x00007ffa505b0000 	C:\WINDOWS\System32\IMM32.DLL
0x0000000072000000 - 0x0000000072012000 	C:\Xilinx\SDK\2015.2\eclipse\win64.o\plugins\org.eclipse.equinox.launcher.win32.win32.x86_64_1.1.200.v20140116-2212\eclipse_1503.dll
0x00007ffa4fc30000 - 0x00007ffa4fcdc000 	C:\WINDOWS\System32\ADVAPI32.dll
0x00007ffa4fa00000 - 0x00007ffa4fa9b000 	C:\WINDOWS\System32\sechost.dll
0x00007ffa4faa0000 - 0x00007ffa4fbc4000 	C:\WINDOWS\System32\RPCRT4.dll
0x00007ffa46a60000 - 0x00007ffa46a6a000 	C:\WINDOWS\SYSTEM32\VERSION.dll
0x00007ffa4b530000 - 0x00007ffa4b5ce000 	C:\WINDOWS\system32\uxtheme.dll
0x00007ffa50820000 - 0x00007ffa50b75000 	C:\WINDOWS\System32\combase.dll
0x00007ffa4f8e0000 - 0x00007ffa4f9f5000 	C:\WINDOWS\System32\MSCTF.dll
0x00007ffa51670000 - 0x00007ffa5173d000 	C:\WINDOWS\System32\OLEAUT32.dll
0x000000006a3b0000 - 0x000000006ac0a000 	C:\Xilinx\SDK\2015.2\tps\win64\jre\bin\server\jvm.dll
0x00007ffa517f0000 - 0x00007ffa517f8000 	C:\WINDOWS\System32\PSAPI.DLL
0x00007ffa418d0000 - 0x00007ffa418f7000 	C:\WINDOWS\SYSTEM32\WINMM.dll
0x00007ffa386b0000 - 0x00007ffa386b9000 	C:\WINDOWS\SYSTEM32\WSOCK32.dll
0x000000006bc90000 - 0x000000006bd62000 	C:\WINDOWS\SYSTEM32\MSVCR100.dll
0x00007ffa505b0000 - 0x00007ffa5061b000 	C:\WINDOWS\System32\WS2_32.dll
0x000000006a270000 - 0x000000006a27f000 	C:\Xilinx\SDK\2015.2\tps\win64\jre\bin\verify.dll
0x000000006a240000 - 0x000000006a268000 	C:\Xilinx\SDK\2015.2\tps\win64\jre\bin\java.dll
0x000000006a220000 - 0x000000006a236000 	C:\Xilinx\SDK\2015.2\tps\win64\jre\bin\zip.dll
0x00007ffa50f20000 - 0x00007ffa51661000 	C:\WINDOWS\System32\SHELL32.dll
0x00007ffa4cf50000 - 0x00007ffa4d6e5000 	C:\WINDOWS\SYSTEM32\windows.storage.dll
0x00007ffa4ea00000 - 0x00007ffa4ea2c000 	C:\WINDOWS\SYSTEM32\Wldp.dll
0x00007ffa50c10000 - 0x00007ffa50cbe000 	C:\WINDOWS\System32\SHCORE.dll
0x00007ffa4fbd0000 - 0x00007ffa4fc25000 	C:\WINDOWS\System32\shlwapi.dll
0x00007ffa4eec0000 - 0x00007ffa4eee6000 	C:\WINDOWS\SYSTEM32\profapi.dll
0x00007ffa4e950000 - 0x00007ffa4e968000 	C:\WINDOWS\SYSTEM32\CRYPTSP.dll
0x00007ffa4e0a0000 - 0x00007ffa4e0d4000 	C:\WINDOWS\system32\rsaenh.dll
0x00007ffa4f0d0000 - 0x00007ffa4f0f7000 	C:\WINDOWS\System32\bcrypt.dll
0x00007ffa4ee80000 - 0x00007ffa4eeae000 	C:\WINDOWS\SYSTEM32\USERENV.dll
0x00007ffa4f720000 - 0x00007ffa4f79f000 	C:\WINDOWS\System32\bcryptprimitives.dll
0x00007ffa4e970000 - 0x00007ffa4e97c000 	C:\WINDOWS\SYSTEM32\CRYPTBASE.dll
0x000000006a200000 - 0x000000006a21a000 	C:\Xilinx\SDK\2015.2\tps\win64\jre\bin\net.dll
0x00007ffa4e780000 - 0x00007ffa4e7ea000 	C:\WINDOWS\system32\mswsock.dll
0x00007ffa4e420000 - 0x00007ffa4e45b000 	C:\WINDOWS\SYSTEM32\IPHLPAPI.DLL
0x00007ffa517e0000 - 0x00007ffa517e8000 	C:\WINDOWS\System32\NSI.dll
0x00007ffa44780000 - 0x00007ffa44797000 	C:\WINDOWS\SYSTEM32\dhcpcsvc6.DLL
0x00007ffa45540000 - 0x00007ffa4555d000 	C:\WINDOWS\SYSTEM32\dhcpcsvc.DLL
0x00007ffa4e470000 - 0x00007ffa4e53b000 	C:\WINDOWS\SYSTEM32\DNSAPI.dll
0x000000006a1e0000 - 0x000000006a1f1000 	C:\Xilinx\SDK\2015.2\tps\win64\jre\bin\nio.dll
0x00007ffa4d8a0000 - 0x00007ffa4d8b2000 	C:\WINDOWS\SYSTEM32\kernel.appcore.dll
0x00007ffa2cac0000 - 0x00007ffa2cbbc000 	C:\WINDOWS\SYSTEM32\textinputframework.dll
0x00007ffa4a9c0000 - 0x00007ffa4ad1e000 	C:\WINDOWS\System32\CoreUIComponents.dll
0x00007ffa4b0a0000 - 0x00007ffa4b192000 	C:\WINDOWS\System32\CoreMessaging.dll
0x00007ffa4dcd0000 - 0x00007ffa4dd03000 	C:\WINDOWS\SYSTEM32\ntmarta.dll
0x00007ffa499e0000 - 0x00007ffa49b36000 	C:\WINDOWS\SYSTEM32\wintypes.dll
0x00007ffa41610000 - 0x00007ffa41676000 	C:\WINDOWS\system32\Oleacc.dll
0x00007ffa283d0000 - 0x00007ffa283e7000 	C:\WINDOWS\system32\napinsp.dll
0x00007ffa283b0000 - 0x00007ffa283cb000 	C:\WINDOWS\system32\pnrpnsp.dll
0x00007ffa28240000 - 0x00007ffa28255000 	C:\WINDOWS\system32\wshbth.dll
0x00007ffa4b640000 - 0x00007ffa4b65d000 	C:\WINDOWS\system32\NLAapi.dll
0x00007ffa28220000 - 0x00007ffa28232000 	C:\WINDOWS\System32\winrnr.dll
0x00007ffa3f340000 - 0x00007ffa3f34a000 	C:\Windows\System32\rasadhlp.dll
0x00007ffa405e0000 - 0x00007ffa4065f000 	C:\WINDOWS\System32\fwpuclnt.dll
0x00000000185c0000 - 0x0000000018668000 	C:\Users\alex7\.Xilinx\SDK\2015.2\org.eclipse.osgi\bundles\287\1\.cp\swt-win32-4335.dll
0x00007ffa506d0000 - 0x00007ffa507fa000 	C:\WINDOWS\System32\ole32.dll
0x00007ffa50230000 - 0x00007ffa5030a000 	C:\WINDOWS\System32\comdlg32.dll
0x00007ffa4f1f0000 - 0x00007ffa4f34d000 	C:\WINDOWS\System32\CRYPT32.dll
0x00007ffa41680000 - 0x00007ffa4170e000 	C:\WINDOWS\SYSTEM32\WINSPOOL.DRV
0x00007ffa1f770000 - 0x00007ffa1f789000 	C:\WINDOWS\SYSTEM32\USP10.dll
0x00007ffa3cfc0000 - 0x00007ffa3d49a000 	C:\WINDOWS\SYSTEM32\WININET.dll
0x00007ffa4d6f0000 - 0x00007ffa4d7e7000 	C:\WINDOWS\SYSTEM32\propsys.dll
0x00007ffa50620000 - 0x00007ffa506c9000 	C:\WINDOWS\System32\clbcatq.dll
0x00007ffa4f1a0000 - 0x00007ffa4f1ee000 	C:\WINDOWS\System32\cfgmgr32.dll
0x0000000018a10000 - 0x0000000018a2e000 	C:\Users\alex7\.Xilinx\SDK\2015.2\org.eclipse.osgi\bundles\287\1\.cp\swt-gdip-win32-4335.dll
0x00007ffa41720000 - 0x00007ffa418c6000 	C:\WINDOWS\WinSxS\amd64_microsoft.windows.gdiplus_6595b64144ccf1df_1.1.19041.630_none_fae7a41d761b04f0\gdiplus.dll
0x00007ffa46bb0000 - 0x00007ffa46d64000 	C:\WINDOWS\SYSTEM32\WindowsCodecs.dll
0x0000000180000000 - 0x0000000180012000 	C:\Users\alex7\.Xilinx\SDK\2015.2\org.eclipse.osgi\bundles\113\1\.cp\os\win32\x86_64\localfile_1_0_0.dll
0x00007ffa20b80000 - 0x00007ffa20c2c000 	C:\WINDOWS\SYSTEM32\TextShaping.dll
0x00007ffa26000000 - 0x00007ffa26011000 	C:\Users\alex7\.Xilinx\SDK\2015.2\org.eclipse.osgi\bundles\116\1\.cp\jWinHttp-1.0.0.dll
0x00007ffa4bc40000 - 0x00007ffa4bd40000 	C:\WINDOWS\SYSTEM32\WINHTTP.dll
0x00007ffa1ecf0000 - 0x00007ffa1ed00000 	C:\Xilinx\SDK\2015.2\lib\win64.o\librdi_repo_manager.dll
0x00007ff9d0b00000 - 0x00007ff9d1443000 	C:\Xilinx\SDK\2015.2\lib\win64.o\librdi_common.dll
0x00007ffa1a430000 - 0x00007ffa1a45a000 	C:\Xilinx\SDK\2015.2\lib\win64.o\libisl_sysinfo.dll
0x00007ff9cee70000 - 0x00007ff9cf058000 	C:\Xilinx\SDK\2015.2\lib\win64.o\librdi_hsm.dll
0x00007ffa1a850000 - 0x00007ffa1a8f7000 	C:\WINDOWS\SYSTEM32\MSVCP110.dll
0x00007ffa11700000 - 0x00007ffa11754000 	C:\Xilinx\SDK\2015.2\lib\win64.o\librdi_commonxillic.dll
0x00007ffa19fc0000 - 0x00007ffa1a094000 	C:\WINDOWS\SYSTEM32\MSVCR110.dll
0x00007ff9d0630000 - 0x00007ff9d0850000 	C:\Xilinx\SDK\2015.2\lib\win64.o\libXil_lmgr11.dll
0x00007ffa4f070000 - 0x00007ffa4f0d0000 	C:\WINDOWS\System32\WINTRUST.dll
0x00007ff9d0850000 - 0x00007ff9d0af8000 	C:\Xilinx\SDK\2015.2\lib\win64.o\libCOIN-all.dll
0x00007ffa12320000 - 0x00007ffa12342000 	C:\Xilinx\SDK\2015.2\lib\win64.o\libboost_filesystem.dll
0x00007ffa1f8b0000 - 0x00007ffa1f8c0000 	C:\Xilinx\SDK\2015.2\lib\win64.o\libboost_date_time.dll
0x00007ffa1a950000 - 0x00007ffa1a9c4000 	C:\Xilinx\SDK\2015.2\lib\win64.o\libboost_program_options.dll
0x00007ffa1a4e0000 - 0x00007ffa1a5da000 	C:\Xilinx\SDK\2015.2\lib\win64.o\libboost_regex.dll
0x00007ffa1db10000 - 0x00007ffa1db23000 	C:\Xilinx\SDK\2015.2\lib\win64.o\libboost_signals.dll
0x00007ffa25ff0000 - 0x00007ffa25ff9000 	C:\Xilinx\SDK\2015.2\lib\win64.o\libboost_system.dll
0x00007ffa1daf0000 - 0x00007ffa1db0d000 	C:\Xilinx\SDK\2015.2\lib\win64.o\libboost_thread.dll
0x00007ffa0c170000 - 0x00007ffa0c20a000 	C:\Xilinx\SDK\2015.2\lib\win64.o\libhdxml.dll
0x00007ffa1a460000 - 0x00007ffa1a4e0000 	C:\Xilinx\SDK\2015.2\lib\win64.o\libhdlpsolve.dll
0x00007ffa1a920000 - 0x00007ffa1a943000 	C:\Xilinx\SDK\2015.2\lib\win64.o\libisl_iosutils.dll
0x00007ff9d0020000 - 0x00007ff9d062a200 	C:\Xilinx\SDK\2015.2\lib\win64.o\libisl_iostreams.dll
0x00007ffa1db30000 - 0x00007ffa1db45000 	C:\Xilinx\SDK\2015.2\lib\win64.o\pthreadVC2.dll
0x00007ffa08ba0000 - 0x00007ffa08cd0000 	C:\Xilinx\SDK\2015.2\lib\win64.o\librdi_curl.dll
0x00007ffa1dad0000 - 0x00007ffa1dae8000 	C:\Xilinx\SDK\2015.2\lib\win64.o\librdiconfig.dll
0x00007ffa12400000 - 0x00007ffa12423000 	C:\Xilinx\SDK\2015.2\lib\win64.o\librdizlib.dll
0x00007ffa40f90000 - 0x00007ffa4117d000 	C:\WINDOWS\SYSTEM32\urlmon.dll
0x00007ffa1b700000 - 0x00007ffa1b723000 	C:\WINDOWS\SYSTEM32\VCOMP110.DLL
0x000000006a280000 - 0x000000006a3a7000 	C:\Xilinx\SDK\2015.2\lib\win64.o\tcl85t.dll
0x00007ffa101c0000 - 0x00007ffa10203000 	C:\Xilinx\SDK\2015.2\lib\win64.o\librdi_hdf.dll
0x00007ff9cecb0000 - 0x00007ff9cee6a000 	C:\Xilinx\SDK\2015.2\lib\win64.o\librdi_ippcw.dll
0x00007ffa37d00000 - 0x00007ffa37d18000 	C:\WINDOWS\SYSTEM32\NETAPI32.dll
0x00007ffa1f790000 - 0x00007ffa1f79b000 	C:\Xilinx\SDK\2015.2\lib\win64.o\libboost_chrono.dll
0x00007ffa1b6e0000 - 0x00007ffa1b6f6000 	C:\Xilinx\SDK\2015.2\lib\win64.o\libboost_iostreams.dll
0x00007ffa40ce0000 - 0x00007ffa40f90000 	C:\WINDOWS\SYSTEM32\iertutil.dll
0x00000000221d0000 - 0x0000000022433000 	C:\Xilinx\SDK\2015.2\lib\win64.o\xerces-c_3_1.dll
0x00007ffa4eb80000 - 0x00007ffa4eb92000 	C:\WINDOWS\SYSTEM32\MSASN1.dll
0x00007ffa1a900000 - 0x00007ffa1a91c000 	C:\Xilinx\SDK\2015.2\lib\win64.o\librdi_hw_platform.dll
0x00007ffa41710000 - 0x00007ffa41717000 	C:\WINDOWS\SYSTEM32\msimg32.dll
0x00007ffa1eb90000 - 0x00007ffa1ebb4000 	C:\WINDOWS\SYSTEM32\edputil.dll
0x00007ff9cfc10000 - 0x00007ff9d001a000 	C:\Xilinx\SDK\2015.2\lib\win64.o\librdi_commontasks.dll
0x00007ff9cf400000 - 0x00007ff9cfc10000 	C:\Xilinx\SDK\2015.2\lib\win64.o\libXil_lmgr11FNP.dll
0x00007ffa4fdc0000 - 0x00007ffa50227000 	C:\WINDOWS\System32\SETUPAPI.dll
0x00007ffa2bd10000 - 0x00007ffa2bd1c000 	C:\WINDOWS\SYSTEM32\snmpapi.dll
0x00007ffa4ee40000 - 0x00007ffa4ee7c000 	C:\WINDOWS\SYSTEM32\SspiCli.dll
0x00007ffa4ed40000 - 0x00007ffa4ed6c000 	C:\WINDOWS\SYSTEM32\DEVOBJ.dll
0x00007ffa38a20000 - 0x00007ffa38a39000 	C:\WINDOWS\SYSTEM32\amsi.dll

VM Arguments:
jvm_args: -Dcom.xilinx.sdk.args.hwspec=C:/Users/alex7/OneDrive/Desktop/ES3/Assignment2/es3_hw_assmnt_2/es3_hw_assmnt_2.sdk/top.hdf -Xms64m -Xmx512m & 
java_command: <unknown>
java_class_path (initial): C:\Xilinx\SDK\2015.2\eclipse\win64.o\\plugins/org.eclipse.equinox.launcher_1.3.0.v20130327-1440.jar
Launcher Type: generic

Environment Variables:
USERNAME=alex7
OS=Windows_NT
PROCESSOR_IDENTIFIER=Intel64 Family 6 Model 158 Stepping 9, GenuineIntel



---------------  S Y S T E M  ---------------

OS: Windows 8 , 64 bit Build 9200 

CPU:total 4 (4 cores per cpu, 1 threads per core) family 6 model 158 stepping 9, cmov, cx8, fxsr, mmx, sse, sse2, sse3, ssse3, sse4.1, sse4.2, popcnt, avx, avx2, aes, clmul, erms, lzcnt, tsc, tscinvbit, bmi1, bmi2

Memory: 4k page, physical 8208268k(3264116k free), swap 11878284k(5514316k free)

vm_info: Java HotSpot(TM) 64-Bit Server VM (25.25-b02) for windows-amd64 JRE (1.8.0_25-b18), built on Oct  7 2014 14:25:37 by "java_re" with MS VC++ 10.0 (VS2010)

time: Thu Dec 03 22:39:31 2020
elapsed time: 43672 seconds (0d 12h 7m 52s)

