#
# A fatal error has been detected by the Java Runtime Environment:
#
#  Internal Error (0xc000000d), pid=7144, tid=14848
#
# JRE version: Java(TM) SE Runtime Environment (8.0_25-b18) (build 1.8.0_25-b18)
# Java VM: Java HotSpot(TM) 64-Bit Server VM (25.25-b02 mixed mode windows-amd64 compressed oops)
# Problematic frame:
# C  [ntdll.dll+0x111cb4]
#
# Failed to write core dump. Minidumps are not enabled by default on client versions of Windows
#
# If you would like to submit a bug report, please visit:
#   http://bugreport.sun.com/bugreport/crash.jsp
#

---------------  T H R E A D  ---------------

Current thread (0x0000000013c76000):  VMThread [stack: 0x0000000014d00000,0x0000000014e00000] [id=14848]

siginfo: ExceptionCode=0xc000000d

Registers:
RAX=0x0000000000000001, RBX=0xfffffffffffffffe, RCX=0x0000000000000b00, RDX=0x0000000000000000
RSP=0x0000000014dff240, RBP=0x00007ff8dbfb7408, RSI=0x0000000000000000, RDI=0x0000000000001034
R8 =0x000000000289061a, R9 =0x000000006430fb90, R10=0x0000000000000005, R11=0x0000000014dfec50
R12=0x000000001f793680, R13=0x0000000023a80130, R14=0x000000001f793788, R15=0x0000000014dff3b8
RIP=0x00007ff90fe61cb4, EFLAGS=0x0000000000000202

Top of Stack: (sp=0x0000000014dff240)
0x0000000014dff240:   00007ff900000057 fffffffffffffffe
0x0000000014dff250:   0000000000000000 0000000000000000
0x0000000014dff260:   00000000c000000d 0000000000000000
0x0000000014dff270:   00007ff90fe61cb4 0000000000000000
0x0000000014dff280:   0000000000000000 0000000000000000
0x0000000014dff290:   0000000000000000 0000000000000000
0x0000000014dff2a0:   0000000000000000 0000000000000000
0x0000000014dff2b0:   0000000000000000 0000000000000000
0x0000000014dff2c0:   0000000000000000 0000000000000000
0x0000000014dff2d0:   0000000000000000 0000000000000000
0x0000000014dff2e0:   0000000000000000 0000000000000000
0x0000000014dff2f0:   0000000000000000 0000000000000000
0x0000000014dff300:   000014338539e00e 0000000000000000
0x0000000014dff310:   0000000000000000 00007ff90fe06d80
0x0000000014dff320:   0000000000000000 0000000000000000
0x0000000014dff330:   0000000000000000 0000000000000000 

Instructions: (pc=0x00007ff90fe61cb4)
0x00007ff90fe61c94:   11 f9 ff c7 44 24 20 0d 00 00 c0 b9 57 00 00 00
0x00007ff90fe61ca4:   e8 97 8b f3 ff 90 48 8d 4c 24 20 e8 8c 93 f3 ff
0x00007ff90fe61cb4:   eb 00 48 8b 8c 24 c0 00 00 00 48 33 cc e8 0a 97
0x00007ff90fe61cc4:   f7 ff 48 81 c4 d8 00 00 00 c3 cc 40 55 48 83 ec 


Register to memory mapping:

RAX=0x0000000000000001 is an unknown value
RBX=0xfffffffffffffffe is an unknown value
RCX=0x0000000000000b00 is an unknown value
RDX=0x0000000000000000 is an unknown value
RSP=0x0000000014dff240 is an unknown value
RBP=0x00007ff8dbfb7408 is an unknown value
RSI=0x0000000000000000 is an unknown value
RDI=0x0000000000001034 is an unknown value
R8 =0x000000000289061a is at begin+179 in a stub
StubRoutines::call_stub [0x0000000002890567, 0x00000000028906cb[ (356 bytes)
R9 =0x000000006430fb90 is an unknown value
R10=0x0000000000000005 is an unknown value
R11=0x0000000014dfec50 is an unknown value
R12=0x000000001f793680 is an unknown value
R13=0x0000000023a80130 is an unknown value
R14=0x000000001f793788 is an unknown value
R15=0x0000000014dff3b8 is an unknown value


Stack: [0x0000000014d00000,0x0000000014e00000],  sp=0x0000000014dff240,  free space=1020k
Native frames: (J=compiled Java code, j=interpreted, Vv=VM code, C=native code)
C  [ntdll.dll+0x111cb4]
C  [ntdll.dll+0xb6d80]
C  [KERNEL32.DLL+0x207bb]
C  [MSVCR110.dll+0x752d]
C  [MSVCR110.dll+0x14cde]
C  [MSVCR110.dll+0x13edc]
C  [MSVCR110.dll+0x239e]
C  [MSVCR110.dll+0xaf9e]
C  [MSVCP110.dll+0x397b9]
C  [librdi_common.dll+0x135d02]
C  [librdi_common.dll+0x13447b]
C  0x00007ff908640904
C  0x00007ff908640b86
C  [ntdll.dll+0x37b3d]
C  [ntdll.dll+0x63de1]
C  [ntdll.dll+0x63c7d]
C  [KERNEL32.DLL+0x1e0ab]
C  [MSVCR100.dll+0x20ccd]
V  [jvm.dll+0x1f9c55]
V  [jvm.dll+0x2325e7]
V  [jvm.dll+0x231826]
V  [jvm.dll+0x231cc1]
V  [jvm.dll+0x231ede]
V  [jvm.dll+0x2852fa]
C  [MSVCR100.dll+0x21d9f]
C  [MSVCR100.dll+0x21e3b]
C  [KERNEL32.DLL+0x17034]
C  [ntdll.dll+0x4cec1]

VM_Operation (0x000000000014f4d0): Exit, mode: safepoint, requested by thread 0x0000000002782800


---------------  P R O C E S S  ---------------

Java Threads: ( => current thread )
  0x0000000016d24000 JavaThread "pool-1-thread-5" [_thread_blocked, id=4296, stack(0x0000000027c20000,0x0000000027d20000)]
  0x0000000016d21800 JavaThread "pool-1-thread-4" [_thread_blocked, id=3864, stack(0x0000000027a20000,0x0000000027b20000)]
  0x0000000016d23000 JavaThread "pool-1-thread-3" [_thread_blocked, id=3388, stack(0x0000000027920000,0x0000000027a20000)]
  0x0000000016d1d800 JavaThread "pool-1-thread-2" [_thread_blocked, id=7100, stack(0x0000000027720000,0x0000000027820000)]
  0x0000000019636800 JavaThread "pool-1-thread-1" [_thread_blocked, id=5584, stack(0x0000000025fa0000,0x00000000260a0000)]
  0x0000000019635000 JavaThread "Thread-21" daemon [_thread_blocked, id=13620, stack(0x0000000025da0000,0x0000000025ea0000)]
  0x000000001b0c4800 JavaThread "TCF Locator DNS Lookup" daemon [_thread_blocked, id=14232, stack(0x000000001f670000,0x000000001f770000)]
  0x000000001b0c9800 JavaThread "TCF Locator Timer" daemon [_thread_blocked, id=12468, stack(0x000000001f570000,0x000000001f670000)]
  0x000000001b0c9000 JavaThread "TCF Locator Receiver" daemon [_thread_in_native, id=6604, stack(0x000000001f470000,0x000000001f570000)]
  0x000000001b0cb000 JavaThread "TCF Timer Dispatcher" daemon [_thread_blocked, id=8988, stack(0x000000001f270000,0x000000001f370000)]
  0x00000000166a3000 JavaThread "EMF Reference Cleaner" daemon [_thread_blocked, id=12604, stack(0x0000000018510000,0x0000000018610000)]
  0x0000000015518800 JavaThread "Service Thread" daemon [_thread_blocked, id=11184, stack(0x0000000015900000,0x0000000015a00000)]
  0x0000000013cc0800 JavaThread "C1 CompilerThread2" daemon [_thread_blocked, id=12400, stack(0x0000000015400000,0x0000000015500000)]
  0x0000000013cb3000 JavaThread "C2 CompilerThread1" daemon [_thread_blocked, id=5992, stack(0x0000000015300000,0x0000000015400000)]
  0x0000000013cae800 JavaThread "C2 CompilerThread0" daemon [_thread_blocked, id=12220, stack(0x0000000015200000,0x0000000015300000)]
  0x0000000013cad000 JavaThread "Attach Listener" daemon [_thread_blocked, id=9204, stack(0x0000000015100000,0x0000000015200000)]
  0x0000000013cac000 JavaThread "Signal Dispatcher" daemon [_thread_blocked, id=7296, stack(0x0000000015000000,0x0000000015100000)]
  0x0000000002873000 JavaThread "Finalizer" daemon [_thread_blocked, id=10340, stack(0x0000000014f00000,0x0000000015000000)]
  0x000000000286c000 JavaThread "Reference Handler" daemon [_thread_blocked, id=584, stack(0x0000000014e00000,0x0000000014f00000)]
  0x0000000002782800 JavaThread "main" [_thread_blocked, id=11608, stack(0x0000000000050000,0x0000000000150000)]

Other Threads:
=>0x0000000013c76000 VMThread [stack: 0x0000000014d00000,0x0000000014e00000] [id=14848]

VM state:at safepoint (shutting down)

VM Mutex/Monitor currently owned by a thread:  ([mutex/lock_event])
[0x000000000288e1b0] Threads_lock - owner thread: 0x0000000013c76000

Heap:
 PSYoungGen      total 48128K, used 39043K [0x00000000f5580000, 0x00000000f8e80000, 0x0000000100000000)
  eden space 43008K, 78% used [0x00000000f5580000,0x00000000f76ab318,0x00000000f7f80000)
  from space 5120K, 99% used [0x00000000f8080000,0x00000000f8575ab0,0x00000000f8580000)
  to   space 7680K, 0% used [0x00000000f8700000,0x00000000f8700000,0x00000000f8e80000)
 ParOldGen       total 79360K, used 36882K [0x00000000e0000000, 0x00000000e4d80000, 0x00000000f5580000)
  object space 79360K, 46% used [0x00000000e0000000,0x00000000e24049e8,0x00000000e4d80000)
 Metaspace       used 82092K, capacity 88214K, committed 88408K, reserved 1126400K
  class space    used 9622K, capacity 11545K, committed 11608K, reserved 1048576K

Card table byte_map: [0x0000000011c50000,0x0000000011d60000] byte_map_base: 0x0000000011550000

Marking Bits: (ParMarkBitMap*) 0x0000000064a4d490
 Begin Bits: [0x0000000012210000, 0x0000000012a10000)
 End Bits:   [0x0000000012a10000, 0x0000000013210000)

Polling page: 0x0000000002120000

CodeCache: size=245760Kb used=49906Kb max_used=50262Kb free=195853Kb
 bounds [0x0000000002890000, 0x0000000005a20000, 0x0000000011890000]
 total_blobs=13964 nmethods=13115 adapters=756
 compilation: enabled

Compilation events (10 events):
Event: 10552.892 Thread 0x0000000013cc0800 nmethod 16958 0x0000000004ab6d90 code [0x0000000004ab6f20, 0x0000000004ab73c8]
Event: 10552.896 Thread 0x0000000013cc0800 16960       3       org.eclipse.osgi.internal.serviceregistry.ServiceRegistry::removeServiceRegistration (139 bytes)
Event: 10552.896 Thread 0x0000000013cc0800 nmethod 16960 0x00000000035e9910 code [0x00000000035e9b20, 0x00000000035ea588]
Event: 10552.896 Thread 0x0000000013cc0800 16959   !   3       org.eclipse.osgi.internal.serviceregistry.ServiceRegistrationImpl::unregister (253 bytes)
Event: 10552.898 Thread 0x0000000013cc0800 nmethod 16959 0x0000000003b047d0 code [0x0000000003b04bc0, 0x0000000003b070b8]
Event: 10552.910 Thread 0x0000000013cb3000 nmethod 16929 0x00000000055cb9d0 code [0x00000000055cbc60, 0x00000000055cd650]
Event: 10553.006 Thread 0x0000000013cc0800 16961   !   3       org.eclipse.osgi.internal.baseadaptor.BaseStorage::compact (215 bytes)
Event: 10553.008 Thread 0x0000000013cc0800 nmethod 16961 0x0000000004f3c710 code [0x0000000004f3cb40, 0x0000000004f3efa8]
Event: 10553.047 Thread 0x0000000013cc0800 16962       3       org.eclipse.osgi.framework.internal.core.AbstractBundle::close (52 bytes)
Event: 10553.048 Thread 0x0000000013cc0800 nmethod 16962 0x00000000035e8490 code [0x00000000035e86c0, 0x00000000035e93a8]

GC Heap History (10 events):
Event: 9592.588 GC heap before
{Heap before GC invocations=68 (full 15):
 PSYoungGen      total 55808K, used 51147K [0x00000000f5580000, 0x00000000f9580000, 0x0000000100000000)
  eden space 48128K, 100% used [0x00000000f5580000,0x00000000f8480000,0x00000000f8480000)
  from space 7680K, 39% used [0x00000000f8e00000,0x00000000f90f2ca8,0x00000000f9580000)
  to   space 8704K, 0% used [0x00000000f8480000,0x00000000f8480000,0x00000000f8d00000)
 ParOldGen       total 79360K, used 36461K [0x00000000e0000000, 0x00000000e4d80000, 0x00000000f5580000)
  object space 79360K, 45% used [0x00000000e0000000,0x00000000e239b7d8,0x00000000e4d80000)
 Metaspace       used 81096K, capacity 87138K, committed 87256K, reserved 1124352K
  class space    used 9528K, capacity 11443K, committed 11480K, reserved 1048576K
Event: 9592.592 GC heap after
Heap after GC invocations=68 (full 15):
 PSYoungGen      total 50688K, used 3435K [0x00000000f5580000, 0x00000000f9380000, 0x0000000100000000)
  eden space 47104K, 0% used [0x00000000f5580000,0x00000000f5580000,0x00000000f8380000)
  from space 3584K, 95% used [0x00000000f8480000,0x00000000f87daca8,0x00000000f8800000)
  to   space 8192K, 0% used [0x00000000f8b80000,0x00000000f8b80000,0x00000000f9380000)
 ParOldGen       total 79360K, used 36536K [0x00000000e0000000, 0x00000000e4d80000, 0x00000000f5580000)
  object space 79360K, 46% used [0x00000000e0000000,0x00000000e23ae0e8,0x00000000e4d80000)
 Metaspace       used 81096K, capacity 87138K, committed 87256K, reserved 1124352K
  class space    used 9528K, capacity 11443K, committed 11480K, reserved 1048576K
}
Event: 9988.671 GC heap before
{Heap before GC invocations=69 (full 15):
 PSYoungGen      total 50688K, used 50539K [0x00000000f5580000, 0x00000000f9380000, 0x0000000100000000)
  eden space 47104K, 100% used [0x00000000f5580000,0x00000000f8380000,0x00000000f8380000)
  from space 3584K, 95% used [0x00000000f8480000,0x00000000f87daca8,0x00000000f8800000)
  to   space 8192K, 0% used [0x00000000f8b80000,0x00000000f8b80000,0x00000000f9380000)
 ParOldGen       total 79360K, used 36536K [0x00000000e0000000, 0x00000000e4d80000, 0x00000000f5580000)
  object space 79360K, 46% used [0x00000000e0000000,0x00000000e23ae0e8,0x00000000e4d80000)
 Metaspace       used 81102K, capacity 87138K, committed 87256K, reserved 1124352K
  class space    used 9528K, capacity 11443K, committed 11480K, reserved 1048576K
Event: 9988.676 GC heap after
Heap after GC invocations=69 (full 15):
 PSYoungGen      total 53248K, used 3731K [0x00000000f5580000, 0x00000000f9280000, 0x0000000100000000)
  eden space 46080K, 0% used [0x00000000f5580000,0x00000000f5580000,0x00000000f8280000)
  from space 7168K, 52% used [0x00000000f8b80000,0x00000000f8f24df0,0x00000000f9280000)
  to   space 8192K, 0% used [0x00000000f8280000,0x00000000f8280000,0x00000000f8a80000)
 ParOldGen       total 79360K, used 36762K [0x00000000e0000000, 0x00000000e4d80000, 0x00000000f5580000)
  object space 79360K, 46% used [0x00000000e0000000,0x00000000e23e69e8,0x00000000e4d80000)
 Metaspace       used 81102K, capacity 87138K, committed 87256K, reserved 1124352K
  class space    used 9528K, capacity 11443K, committed 11480K, reserved 1048576K
}
Event: 10089.811 GC heap before
{Heap before GC invocations=70 (full 15):
 PSYoungGen      total 53248K, used 49811K [0x00000000f5580000, 0x00000000f9280000, 0x0000000100000000)
  eden space 46080K, 100% used [0x00000000f5580000,0x00000000f8280000,0x00000000f8280000)
  from space 7168K, 52% used [0x00000000f8b80000,0x00000000f8f24df0,0x00000000f9280000)
  to   space 8192K, 0% used [0x00000000f8280000,0x00000000f8280000,0x00000000f8a80000)
 ParOldGen       total 79360K, used 36762K [0x00000000e0000000, 0x00000000e4d80000, 0x00000000f5580000)
  object space 79360K, 46% used [0x00000000e0000000,0x00000000e23e69e8,0x00000000e4d80000)
 Metaspace       used 81364K, capacity 87594K, committed 87768K, reserved 1126400K
  class space    used 9539K, capacity 11447K, committed 11480K, reserved 1048576K
Event: 10089.815 GC heap after
Heap after GC invocations=70 (full 15):
 PSYoungGen      total 48640K, used 3208K [0x00000000f5580000, 0x00000000f9080000, 0x0000000100000000)
  eden space 45056K, 0% used [0x00000000f5580000,0x00000000f5580000,0x00000000f8180000)
  from space 3584K, 89% used [0x00000000f8280000,0x00000000f85a2148,0x00000000f8600000)
  to   space 7680K, 0% used [0x00000000f8900000,0x00000000f8900000,0x00000000f9080000)
 ParOldGen       total 79360K, used 36826K [0x00000000e0000000, 0x00000000e4d80000, 0x00000000f5580000)
  object space 79360K, 46% used [0x00000000e0000000,0x00000000e23f69e8,0x00000000e4d80000)
 Metaspace       used 81364K, capacity 87594K, committed 87768K, reserved 1126400K
  class space    used 9539K, capacity 11447K, committed 11480K, reserved 1048576K
}
Event: 10115.145 GC heap before
{Heap before GC invocations=71 (full 15):
 PSYoungGen      total 48640K, used 48264K [0x00000000f5580000, 0x00000000f9080000, 0x0000000100000000)
  eden space 45056K, 100% used [0x00000000f5580000,0x00000000f8180000,0x00000000f8180000)
  from space 3584K, 89% used [0x00000000f8280000,0x00000000f85a2148,0x00000000f8600000)
  to   space 7680K, 0% used [0x00000000f8900000,0x00000000f8900000,0x00000000f9080000)
 ParOldGen       total 79360K, used 36826K [0x00000000e0000000, 0x00000000e4d80000, 0x00000000f5580000)
  object space 79360K, 46% used [0x00000000e0000000,0x00000000e23f69e8,0x00000000e4d80000)
 Metaspace       used 81392K, capacity 87658K, committed 87768K, reserved 1126400K
  class space    used 9542K, capacity 11447K, committed 11480K, reserved 1048576K
Event: 10115.149 GC heap after
Heap after GC invocations=71 (full 15):
 PSYoungGen      total 50688K, used 4555K [0x00000000f5580000, 0x00000000f8f80000, 0x0000000100000000)
  eden space 44032K, 0% used [0x00000000f5580000,0x00000000f5580000,0x00000000f8080000)
  from space 6656K, 68% used [0x00000000f8900000,0x00000000f8d72d48,0x00000000f8f80000)
  to   space 7680K, 0% used [0x00000000f8080000,0x00000000f8080000,0x00000000f8800000)
 ParOldGen       total 79360K, used 36858K [0x00000000e0000000, 0x00000000e4d80000, 0x00000000f5580000)
  object space 79360K, 46% used [0x00000000e0000000,0x00000000e23fe9e8,0x00000000e4d80000)
 Metaspace       used 81392K, capacity 87658K, committed 87768K, reserved 1126400K
  class space    used 9542K, capacity 11447K, committed 11480K, reserved 1048576K
}
Event: 10513.476 GC heap before
{Heap before GC invocations=72 (full 15):
 PSYoungGen      total 50688K, used 48587K [0x00000000f5580000, 0x00000000f8f80000, 0x0000000100000000)
  eden space 44032K, 100% used [0x00000000f5580000,0x00000000f8080000,0x00000000f8080000)
  from space 6656K, 68% used [0x00000000f8900000,0x00000000f8d72d48,0x00000000f8f80000)
  to   space 7680K, 0% used [0x00000000f8080000,0x00000000f8080000,0x00000000f8800000)
 ParOldGen       total 79360K, used 36858K [0x00000000e0000000, 0x00000000e4d80000, 0x00000000f5580000)
  object space 79360K, 46% used [0x00000000e0000000,0x00000000e23fe9e8,0x00000000e4d80000)
 Metaspace       used 81435K, capacity 87754K, committed 87768K, reserved 1126400K
  class space    used 9549K, capacity 11479K, committed 11480K, reserved 1048576K
Event: 10513.481 GC heap after
Heap after GC invocations=72 (full 15):
 PSYoungGen      total 48128K, used 5078K [0x00000000f5580000, 0x00000000f8e80000, 0x0000000100000000)
  eden space 43008K, 0% used [0x00000000f5580000,0x00000000f5580000,0x00000000f7f80000)
  from space 5120K, 99% used [0x00000000f8080000,0x00000000f8575ab0,0x00000000f8580000)
  to   space 7680K, 0% used [0x00000000f8700000,0x00000000f8700000,0x00000000f8e80000)
 ParOldGen       total 79360K, used 36882K [0x00000000e0000000, 0x00000000e4d80000, 0x00000000f5580000)
  object space 79360K, 46% used [0x00000000e0000000,0x00000000e24049e8,0x00000000e4d80000)
 Metaspace       used 81435K, capacity 87754K, committed 87768K, reserved 1126400K
  class space    used 9549K, capacity 11479K, committed 11480K, reserved 1048576K
}

Deoptimization events (10 events):
Event: 10552.822 Thread 0x0000000002782800 Uncommon trap: reason=class_check action=maybe_recompile pc=0x00000000052356d8 method=org.eclipse.swt.widgets.Display.asyncExec(Ljava/lang/Runnable;)V @ 54
Event: 10552.843 Thread 0x0000000002782800 Uncommon trap: reason=null_check action=maybe_recompile pc=0x0000000003a4f094 method=com.xilinx.sdk.targetmanager.internal.json.XMDJSONProcess.issueCommand(Ljava/lang/String;)Lcom/xilinx/sdk/targetmanager/internal/IXMDResult; @ 3
Event: 10552.844 Thread 0x0000000002782800 Uncommon trap: reason=unreached action=reinterpret pc=0x0000000004ec47fc method=sun.misc.URLClassPath$JarLoader.findResource(Ljava/lang/String;Z)Ljava/net/URL; @ 8
Event: 10552.850 Thread 0x0000000002782800 Uncommon trap: reason=bimorphic action=maybe_recompile pc=0x0000000005763424 method=org.eclipse.core.internal.resources.Resource.checkLocal(II)V @ 3
Event: 10552.850 Thread 0x0000000002782800 Uncommon trap: reason=unreached action=reinterpret pc=0x00000000057ce1d8 method=org.eclipse.core.internal.localstore.Bucket.readEntryKey(Ljava/io/DataInputStream;)Ljava/lang/String; @ 4
Event: 10552.883 Thread 0x0000000017803000 Uncommon trap: reason=unreached action=reinterpret pc=0x0000000004a3cea0 method=org.eclipse.core.internal.jobs.JobManager.nextJob()Lorg/eclipse/core/runtime/jobs/Job; @ 80
Event: 10552.883 Thread 0x0000000017803000 Uncommon trap: reason=unreached action=reinterpret pc=0x0000000002ec4e7c method=org.eclipse.core.internal.jobs.WorkerPool.startJob(Lorg/eclipse/core/internal/jobs/Worker;)Lorg/eclipse/core/internal/jobs/InternalJob; @ 185
Event: 10552.883 Thread 0x0000000016d1e800 Uncommon trap: reason=unreached action=reinterpret pc=0x0000000002ec4e7c method=org.eclipse.core.internal.jobs.WorkerPool.startJob(Lorg/eclipse/core/internal/jobs/Worker;)Lorg/eclipse/core/internal/jobs/InternalJob; @ 185
Event: 10552.883 Thread 0x0000000016d1f000 Uncommon trap: reason=unreached action=reinterpret pc=0x0000000002ec4e7c method=org.eclipse.core.internal.jobs.WorkerPool.startJob(Lorg/eclipse/core/internal/jobs/Worker;)Lorg/eclipse/core/internal/jobs/InternalJob; @ 185
Event: 10552.883 Thread 0x0000000016d1d000 Uncommon trap: reason=unreached action=reinterpret pc=0x0000000002ec4e7c method=org.eclipse.core.internal.jobs.WorkerPool.startJob(Lorg/eclipse/core/internal/jobs/Worker;)Lorg/eclipse/core/internal/jobs/InternalJob; @ 185

Internal exceptions (10 events):
Event: 10551.417 Thread 0x0000000016d18800 Exception <a 'java/net/SocketException': Socket closed> (0x00000000f5de9570) thrown at [D:\re\workspace\8-2-build-windows-amd64-cygwin\jdk8u25\1677\hotspot\src\share\vm\prims\jni.cpp, line 742]
Event: 10551.501 Thread 0x0000000002782800 Implicit null exception at 0x00000000049dab8c to 0x00000000049dabe9
Event: 10551.737 Thread 0x0000000002782800 Implicit null exception at 0x0000000002d74709 to 0x0000000002d74a5d
Event: 10552.238 Thread 0x000000001780d800 Exception <a 'java/lang/InterruptedException'> (0x00000000f72c95b0) thrown at [D:\re\workspace\8-2-build-windows-amd64-cygwin\jdk8u25\1677\hotspot\src\share\vm\runtime\objectMonitor.cpp, line 1682]
Event: 10552.820 Thread 0x0000000002782800 Implicit null exception at 0x000000000315d0ef to 0x000000000315df5d
Event: 10552.843 Thread 0x0000000002782800 Exception <a 'java/lang/NullPointerException'> (0x00000000f73ea5c0) thrown at [D:\re\workspace\8-2-build-windows-amd64-cygwin\jdk8u25\1677\hotspot\src\share\vm\prims\jvm.cpp, line 1316]
Event: 10552.897 Thread 0x00000000167e2800 Exception <a 'java/lang/InterruptedException': sleep interrupted> (0x00000000f75c27d8) thrown at [D:\re\workspace\8-2-build-windows-amd64-cygwin\jdk8u25\1677\hotspot\src\share\vm\prims\jvm.cpp, line 3141]
Event: 10552.898 Thread 0x000000001963b000 Exception <a 'java/lang/InterruptedException'> (0x00000000f744a618) thrown at [D:\re\workspace\8-2-build-windows-amd64-cygwin\jdk8u25\1677\hotspot\src\share\vm\runtime\objectMonitor.cpp, line 1682]
Event: 10552.899 Thread 0x0000000016f40800 Exception <a 'java/lang/InterruptedException'> (0x00000000f75c2fa0) thrown at [D:\re\workspace\8-2-build-windows-amd64-cygwin\jdk8u25\1677\hotspot\src\share\vm\runtime\objectMonitor.cpp, line 1682]
Event: 10553.047 Thread 0x0000000015634800 Exception <a 'java/lang/InterruptedException'> (0x00000000f7529e60) thrown at [D:\re\workspace\8-2-build-windows-amd64-cygwin\jdk8u25\1677\hotspot\src\share\vm\runtime\objectMonitor.cpp, line 1682]

Events (10 events):
Event: 10553.048 loading class java/util/IdentityHashMap$KeyIterator done
Event: 10553.048 Thread 0x0000000016d17000 Thread added: 0x0000000016d17000
Event: 10553.049 Executing VM operation: RevokeBias
Event: 10553.049 Executing VM operation: RevokeBias done
Event: 10553.049 Executing VM operation: RevokeBias
Event: 10553.049 Executing VM operation: RevokeBias done
Event: 10553.049 Executing VM operation: RevokeBias
Event: 10553.049 Executing VM operation: RevokeBias done
Event: 10553.049 Thread 0x0000000016d17000 Thread exited: 0x0000000016d17000
Event: 10553.050 Executing VM operation: Exit


Dynamic libraries:
0x0000000000400000 - 0x000000000044f000 	C:\Xilinx\SDK\2015.2\eclipse\win64.o\eclipse.exe
0x00007ff90fd50000 - 0x00007ff90ff46000 	C:\WINDOWS\SYSTEM32\ntdll.dll
0x00007ff90f990000 - 0x00007ff90fa4d000 	C:\WINDOWS\System32\KERNEL32.DLL
0x00007ff90d590000 - 0x00007ff90d858000 	C:\WINDOWS\System32\KERNELBASE.dll
0x00007ff90e270000 - 0x00007ff90e410000 	C:\WINDOWS\System32\USER32.dll
0x00007ff90dbd0000 - 0x00007ff90dbf2000 	C:\WINDOWS\System32\win32u.dll
0x00007ff90fa50000 - 0x00007ff90fa7a000 	C:\WINDOWS\System32\GDI32.dll
0x00007ff90d910000 - 0x00007ff90da19000 	C:\WINDOWS\System32\gdi32full.dll
0x00007ff90da50000 - 0x00007ff90daed000 	C:\WINDOWS\System32\msvcp_win.dll
0x00007ff90d490000 - 0x00007ff90d590000 	C:\WINDOWS\System32\ucrtbase.dll
0x00007ff90f6a0000 - 0x00007ff90f73e000 	C:\WINDOWS\System32\msvcrt.dll
0x00007ff8fef20000 - 0x00007ff8ff1bb000 	C:\WINDOWS\WinSxS\amd64_microsoft.windows.common-controls_6595b64144ccf1df_6.0.19041.488_none_ca04af081b815d21\COMCTL32.dll
0x00007ff90fce0000 - 0x00007ff90fd10000 	C:\WINDOWS\System32\IMM32.DLL
0x0000000072000000 - 0x0000000072012000 	C:\Xilinx\SDK\2015.2\eclipse\win64.o\plugins\org.eclipse.equinox.launcher.win32.win32.x86_64_1.1.200.v20140116-2212\eclipse_1503.dll
0x00007ff90f8e0000 - 0x00007ff90f98c000 	C:\WINDOWS\System32\ADVAPI32.dll
0x00007ff90e1d0000 - 0x00007ff90e26b000 	C:\WINDOWS\System32\sechost.dll
0x00007ff90e430000 - 0x00007ff90e554000 	C:\WINDOWS\System32\RPCRT4.dll
0x00007ff904520000 - 0x00007ff90452a000 	C:\WINDOWS\SYSTEM32\VERSION.dll
0x00007ff90aaa0000 - 0x00007ff90ab3e000 	C:\WINDOWS\system32\uxtheme.dll
0x00007ff90de10000 - 0x00007ff90e165000 	C:\WINDOWS\System32\combase.dll
0x00007ff90e720000 - 0x00007ff90e835000 	C:\WINDOWS\System32\MSCTF.dll
0x00007ff90f7a0000 - 0x00007ff90f86d000 	C:\WINDOWS\System32\OLEAUT32.dll
0x0000000064270000 - 0x0000000064aca000 	C:\Xilinx\SDK\2015.2\tps\win64\jre\bin\server\jvm.dll
0x00007ff90e410000 - 0x00007ff90e418000 	C:\WINDOWS\System32\PSAPI.DLL
0x00007ff8f60d0000 - 0x00007ff8f60d9000 	C:\WINDOWS\SYSTEM32\WSOCK32.dll
0x00007ff90f870000 - 0x00007ff90f8db000 	C:\WINDOWS\System32\WS2_32.dll
0x00007ff8ffa00000 - 0x00007ff8ffa27000 	C:\WINDOWS\SYSTEM32\WINMM.dll
0x0000000065f40000 - 0x0000000066012000 	C:\WINDOWS\SYSTEM32\MSVCR100.dll
0x0000000064130000 - 0x000000006413f000 	C:\Xilinx\SDK\2015.2\tps\win64\jre\bin\verify.dll
0x0000000064100000 - 0x0000000064128000 	C:\Xilinx\SDK\2015.2\tps\win64\jre\bin\java.dll
0x00000000640e0000 - 0x00000000640f6000 	C:\Xilinx\SDK\2015.2\tps\win64\jre\bin\zip.dll
0x00007ff90eae0000 - 0x00007ff90f221000 	C:\WINDOWS\System32\SHELL32.dll
0x00007ff90b450000 - 0x00007ff90bbe5000 	C:\WINDOWS\SYSTEM32\windows.storage.dll
0x00007ff90cf00000 - 0x00007ff90cf2c000 	C:\WINDOWS\SYSTEM32\Wldp.dll
0x00007ff90fc30000 - 0x00007ff90fcde000 	C:\WINDOWS\System32\SHCORE.dll
0x00007ff90e840000 - 0x00007ff90e895000 	C:\WINDOWS\System32\shlwapi.dll
0x00007ff90d3c0000 - 0x00007ff90d3e6000 	C:\WINDOWS\SYSTEM32\profapi.dll
0x00007ff90ce50000 - 0x00007ff90ce68000 	C:\WINDOWS\SYSTEM32\CRYPTSP.dll
0x00007ff90c5a0000 - 0x00007ff90c5d4000 	C:\WINDOWS\system32\rsaenh.dll
0x00007ff90da20000 - 0x00007ff90da47000 	C:\WINDOWS\System32\bcrypt.dll
0x00007ff90d380000 - 0x00007ff90d3ae000 	C:\WINDOWS\SYSTEM32\USERENV.dll
0x00007ff90daf0000 - 0x00007ff90db6f000 	C:\WINDOWS\System32\bcryptprimitives.dll
0x00007ff90ce70000 - 0x00007ff90ce7c000 	C:\WINDOWS\SYSTEM32\CRYPTBASE.dll
0x00000000640c0000 - 0x00000000640da000 	C:\Xilinx\SDK\2015.2\tps\win64\jre\bin\net.dll
0x00007ff90cc80000 - 0x00007ff90ccea000 	C:\WINDOWS\system32\mswsock.dll
0x00007ff90c900000 - 0x00007ff90c93b000 	C:\WINDOWS\SYSTEM32\IPHLPAPI.DLL
0x00007ff90e710000 - 0x00007ff90e718000 	C:\WINDOWS\System32\NSI.dll
0x00007ff9014b0000 - 0x00007ff9014c7000 	C:\WINDOWS\SYSTEM32\dhcpcsvc6.DLL
0x00007ff9043a0000 - 0x00007ff9043bd000 	C:\WINDOWS\SYSTEM32\dhcpcsvc.DLL
0x00007ff90c940000 - 0x00007ff90ca0b000 	C:\WINDOWS\SYSTEM32\DNSAPI.dll
0x00000000640a0000 - 0x00000000640b1000 	C:\Xilinx\SDK\2015.2\tps\win64\jre\bin\nio.dll
0x00007ff90bdc0000 - 0x00007ff90bdd2000 	C:\WINDOWS\SYSTEM32\kernel.appcore.dll
0x00007ff8f6310000 - 0x00007ff8f640c000 	C:\WINDOWS\SYSTEM32\textinputframework.dll
0x00007ff90a480000 - 0x00007ff90a572000 	C:\WINDOWS\System32\CoreMessaging.dll
0x00007ff90a120000 - 0x00007ff90a47e000 	C:\WINDOWS\System32\CoreUIComponents.dll
0x00007ff90c1d0000 - 0x00007ff90c203000 	C:\WINDOWS\SYSTEM32\ntmarta.dll
0x00007ff909a50000 - 0x00007ff909ba6000 	C:\WINDOWS\SYSTEM32\wintypes.dll
0x00007ff8ff8f0000 - 0x00007ff8ff956000 	C:\WINDOWS\system32\Oleacc.dll
0x00007ff8e6850000 - 0x00007ff8e6867000 	C:\WINDOWS\system32\napinsp.dll
0x00007ff8e6c10000 - 0x00007ff8e6c2b000 	C:\WINDOWS\system32\pnrpnsp.dll
0x00007ff8e6630000 - 0x00007ff8e6645000 	C:\WINDOWS\system32\wshbth.dll
0x00007ff908310000 - 0x00007ff90832d000 	C:\WINDOWS\system32\NLAapi.dll
0x00007ff8e6610000 - 0x00007ff8e6622000 	C:\WINDOWS\System32\winrnr.dll
0x00007ff8fe2b0000 - 0x00007ff8fe2ba000 	C:\Windows\System32\rasadhlp.dll
0x00007ff8fecd0000 - 0x00007ff8fed4f000 	C:\WINDOWS\System32\fwpuclnt.dll
0x0000000018610000 - 0x00000000186b8000 	C:\Users\alex7\.Xilinx\SDK\2015.2\org.eclipse.osgi\bundles\287\1\.cp\swt-win32-4335.dll
0x00007ff90e560000 - 0x00007ff90e68a000 	C:\WINDOWS\System32\ole32.dll
0x00007ff90fb50000 - 0x00007ff90fc2a000 	C:\WINDOWS\System32\comdlg32.dll
0x00007ff90dc50000 - 0x00007ff90ddad000 	C:\WINDOWS\System32\CRYPT32.dll
0x00007ff8ff960000 - 0x00007ff8ff9ee000 	C:\WINDOWS\SYSTEM32\WINSPOOL.DRV
0x00007ff8d2300000 - 0x00007ff8d2319000 	C:\WINDOWS\SYSTEM32\USP10.dll
0x00007ff8f8610000 - 0x00007ff8f8aea000 	C:\WINDOWS\SYSTEM32\WININET.dll
0x00007ff90bbf0000 - 0x00007ff90bce7000 	C:\WINDOWS\SYSTEM32\propsys.dll
0x00007ff90faa0000 - 0x00007ff90fb49000 	C:\WINDOWS\System32\clbcatq.dll
0x00007ff90dc00000 - 0x00007ff90dc4e000 	C:\WINDOWS\System32\cfgmgr32.dll
0x00000000187e0000 - 0x00000000187fe000 	C:\Users\alex7\.Xilinx\SDK\2015.2\org.eclipse.osgi\bundles\287\1\.cp\swt-gdip-win32-4335.dll
0x00007ff8ffae0000 - 0x00007ff8ffc86000 	C:\WINDOWS\WinSxS\amd64_microsoft.windows.gdiplus_6595b64144ccf1df_1.1.19041.630_none_fae7a41d761b04f0\gdiplus.dll
0x00007ff907070000 - 0x00007ff907224000 	C:\WINDOWS\SYSTEM32\WindowsCodecs.dll
0x0000000180000000 - 0x0000000180012000 	C:\Users\alex7\.Xilinx\SDK\2015.2\org.eclipse.osgi\bundles\113\1\.cp\os\win32\x86_64\localfile_1_0_0.dll
0x00007ff8df4f0000 - 0x00007ff8df59c000 	C:\WINDOWS\SYSTEM32\TextShaping.dll
0x00007ff8e9ff0000 - 0x00007ff8ea001000 	C:\Users\alex7\.Xilinx\SDK\2015.2\org.eclipse.osgi\bundles\116\1\.cp\jWinHttp-1.0.0.dll
0x00007ff908210000 - 0x00007ff908310000 	C:\WINDOWS\SYSTEM32\WINHTTP.dll
0x00007ff8dc790000 - 0x00007ff8dc7a0000 	C:\Xilinx\SDK\2015.2\lib\win64.o\librdi_repo_manager.dll
0x00007ff8c83e0000 - 0x00007ff8c840a000 	C:\Xilinx\SDK\2015.2\lib\win64.o\libisl_sysinfo.dll
0x00007ff89cb00000 - 0x00007ff89d443000 	C:\Xilinx\SDK\2015.2\lib\win64.o\librdi_common.dll
0x00007ff8c7b00000 - 0x00007ff8c7b54000 	C:\Xilinx\SDK\2015.2\lib\win64.o\librdi_commonxillic.dll
0x00007ff8e3e50000 - 0x00007ff8e3ef7000 	C:\WINDOWS\SYSTEM32\MSVCP110.dll
0x00007ff8dbfb0000 - 0x00007ff8dc084000 	C:\WINDOWS\SYSTEM32\MSVCR110.dll
0x00007ff89b550000 - 0x00007ff89b738000 	C:\Xilinx\SDK\2015.2\lib\win64.o\librdi_hsm.dll
0x00007ff89c850000 - 0x00007ff89caf8000 	C:\Xilinx\SDK\2015.2\lib\win64.o\libCOIN-all.dll
0x00007ff89c630000 - 0x00007ff89c850000 	C:\Xilinx\SDK\2015.2\lib\win64.o\libXil_lmgr11.dll
0x00007ff90db70000 - 0x00007ff90dbd0000 	C:\WINDOWS\System32\WINTRUST.dll
0x00007ff9054f0000 - 0x00007ff905500000 	C:\Xilinx\SDK\2015.2\lib\win64.o\libboost_date_time.dll
0x00007ff8ce720000 - 0x00007ff8ce742000 	C:\Xilinx\SDK\2015.2\lib\win64.o\libboost_filesystem.dll
0x00007ff8c4cc0000 - 0x00007ff8c4d34000 	C:\Xilinx\SDK\2015.2\lib\win64.o\libboost_program_options.dll
0x00007ff8b1bd0000 - 0x00007ff8b1cca000 	C:\Xilinx\SDK\2015.2\lib\win64.o\libboost_regex.dll
0x00007ff8cf130000 - 0x00007ff8cf143000 	C:\Xilinx\SDK\2015.2\lib\win64.o\libboost_signals.dll
0x00007ff8e4330000 - 0x00007ff8e4339000 	C:\Xilinx\SDK\2015.2\lib\win64.o\libboost_system.dll
0x00007ff8ce910000 - 0x00007ff8ce92d000 	C:\Xilinx\SDK\2015.2\lib\win64.o\libboost_thread.dll
0x00007ff8ba010000 - 0x00007ff8ba090000 	C:\Xilinx\SDK\2015.2\lib\win64.o\libhdlpsolve.dll
0x00007ff89f0f0000 - 0x00007ff89f18a000 	C:\Xilinx\SDK\2015.2\lib\win64.o\libhdxml.dll
0x00007ff89c020000 - 0x00007ff89c62a200 	C:\Xilinx\SDK\2015.2\lib\win64.o\libisl_iostreams.dll
0x00007ff8cdab0000 - 0x00007ff8cdad3000 	C:\Xilinx\SDK\2015.2\lib\win64.o\libisl_iosutils.dll
0x00007ff8e9fd0000 - 0x00007ff8e9fe5000 	C:\Xilinx\SDK\2015.2\lib\win64.o\pthreadVC2.dll
0x00007ff89bef0000 - 0x00007ff89c020000 	C:\Xilinx\SDK\2015.2\lib\win64.o\librdi_curl.dll
0x00007ff8cd960000 - 0x00007ff8cd978000 	C:\Xilinx\SDK\2015.2\lib\win64.o\librdiconfig.dll
0x0000000064140000 - 0x0000000064267000 	C:\Xilinx\SDK\2015.2\lib\win64.o\tcl85t.dll
0x00007ff8fe8e0000 - 0x00007ff8feacd000 	C:\WINDOWS\SYSTEM32\urlmon.dll
0x00007ff8dbf20000 - 0x00007ff8dbf43000 	C:\WINDOWS\SYSTEM32\VCOMP110.DLL
0x00007ff8c2c10000 - 0x00007ff8c2c53000 	C:\Xilinx\SDK\2015.2\lib\win64.o\librdi_hdf.dll
0x00007ff8c7850000 - 0x00007ff8c7873000 	C:\Xilinx\SDK\2015.2\lib\win64.o\librdizlib.dll
0x00007ff8f62f0000 - 0x00007ff8f6308000 	C:\WINDOWS\SYSTEM32\NETAPI32.dll
0x00007ff86bdd0000 - 0x00007ff86bf8a000 	C:\Xilinx\SDK\2015.2\lib\win64.o\librdi_ippcw.dll
0x00007ff8cd5a0000 - 0x00007ff8cd5b6000 	C:\Xilinx\SDK\2015.2\lib\win64.o\libboost_iostreams.dll
0x00007ff8fe620000 - 0x00007ff8fe8d0000 	C:\WINDOWS\SYSTEM32\iertutil.dll
0x00007ff8e1760000 - 0x00007ff8e176b000 	C:\Xilinx\SDK\2015.2\lib\win64.o\libboost_chrono.dll
0x00000000222b0000 - 0x0000000022513000 	C:\Xilinx\SDK\2015.2\lib\win64.o\xerces-c_3_1.dll
0x00007ff90d080000 - 0x00007ff90d092000 	C:\WINDOWS\SYSTEM32\MSASN1.dll
0x00007ff8cd420000 - 0x00007ff8cd43c000 	C:\Xilinx\SDK\2015.2\lib\win64.o\librdi_hw_platform.dll
0x00007ff8ff9f0000 - 0x00007ff8ff9f7000 	C:\WINDOWS\SYSTEM32\msimg32.dll
0x00007ff8ddbe0000 - 0x00007ff8ddc04000 	C:\WINDOWS\SYSTEM32\edputil.dll
0x00007ff89bae0000 - 0x00007ff89beea000 	C:\Xilinx\SDK\2015.2\lib\win64.o\librdi_commontasks.dll
0x00007ff86bf90000 - 0x00007ff86c7a0000 	C:\Xilinx\SDK\2015.2\lib\win64.o\libXil_lmgr11FNP.dll
0x00007ff90f230000 - 0x00007ff90f697000 	C:\WINDOWS\System32\SETUPAPI.dll
0x00007ff8ea220000 - 0x00007ff8ea22c000 	C:\WINDOWS\SYSTEM32\snmpapi.dll
0x00007ff90d340000 - 0x00007ff90d37c000 	C:\WINDOWS\SYSTEM32\SspiCli.dll
0x00007ff90d240000 - 0x00007ff90d26c000 	C:\WINDOWS\SYSTEM32\DEVOBJ.dll
0x00007ff8e33a0000 - 0x00007ff8e33b9000 	C:\WINDOWS\SYSTEM32\amsi.dll

VM Arguments:
jvm_args: -Dcom.xilinx.sdk.args.hwspec=C:/Users/alex7/OneDrive/Desktop/ES3/Assignment2/es3_hw_assmnt_2/es3_hw_assmnt_2.sdk/top.hdf -Xms64m -Xmx512m & 
java_command: <unknown>
java_class_path (initial): C:\Xilinx\SDK\2015.2\eclipse\win64.o\\plugins/org.eclipse.equinox.launcher_1.3.0.v20130327-1440.jar
Launcher Type: generic

Environment Variables:
USERNAME=alex7
OS=Windows_NT
PROCESSOR_IDENTIFIER=Intel64 Family 6 Model 158 Stepping 9, GenuineIntel



---------------  S Y S T E M  ---------------

OS: Windows 8 , 64 bit Build 9200 

CPU:total 4 (4 cores per cpu, 1 threads per core) family 6 model 158 stepping 9, cmov, cx8, fxsr, mmx, sse, sse2, sse3, ssse3, sse4.1, sse4.2, popcnt, avx, avx2, aes, clmul, erms, lzcnt, tsc, tscinvbit, bmi1, bmi2

Memory: 4k page, physical 8208268k(3900796k free), swap 12009356k(4296584k free)

vm_info: Java HotSpot(TM) 64-Bit Server VM (25.25-b02) for windows-amd64 JRE (1.8.0_25-b18), built on Oct  7 2014 14:25:37 by "java_re" with MS VC++ 10.0 (VS2010)

time: Mon Nov 30 14:15:59 2020
elapsed time: 10554 seconds (0d 2h 55m 54s)

